2022-11-12 21:37:09.849 [info] Starting worker process with pid 17097 (type: fileWatcher, window: 1).
2022-11-12 21:37:20.981 [info] Getting Manifest... yandeu.five-server
2022-11-12 21:37:21.200 [info] Installing extension: yandeu.five-server
2022-11-12 21:37:25.640 [info] Getting Manifest... ritwickdey.liveserver
2022-11-12 21:37:25.859 [info] Installing extension: ritwickdey.liveserver
2022-11-12 21:37:34.929 [info] Worker process with pid 17097 terminated normally (type: fileWatcher, window: 1).
2022-11-12 21:37:36.823 [info] Starting worker process with pid 17161 (type: fileWatcher, window: 1).
2022-11-12 21:37:43.595 [info] Extracted extension to /home/linux/.vscode-oss/extensions/.7438a8d9-1934-48f4-9c99-644c4563a415: ritwickdey.liveserver
2022-11-12 21:37:43.616 [info] Renamed to /home/linux/.vscode-oss/extensions/ritwickdey.liveserver-5.7.9-universal
2022-11-12 21:37:43.620 [info] Extracting completed. ritwickdey.liveserver
2022-11-12 21:37:43.623 [info] Extension installed successfully: ritwickdey.liveserver
2022-11-12 21:37:44.467 [info] Extracted extension to /home/linux/.vscode-oss/extensions/.a16f7975-b0a1-45c6-a28c-339910727194: yandeu.five-server
2022-11-12 21:37:44.481 [info] Renamed to /home/linux/.vscode-oss/extensions/yandeu.five-server-0.1.9-universal
2022-11-12 21:37:44.484 [info] Extracting completed. yandeu.five-server
2022-11-12 21:37:44.484 [info] Extension installed successfully: yandeu.five-server
2022-11-12 21:37:51.519 [error] [uncaught exception in sharedProcess]: Cannot read properties of undefined (reading 'then'): TypeError: Cannot read properties of undefined (reading 'then')
    at a.onPromise (vscode-file://vscode-app/usr/lib/code/out/vs/code/electron-browser/sharedProcess/sharedProcessMain.js:23:5934)
    at a.onRawMessage (vscode-file://vscode-app/usr/lib/code/out/vs/code/electron-browser/sharedProcess/sharedProcessMain.js:23:5227)
    at vscode-file://vscode-app/usr/lib/code/out/vs/code/electron-browser/sharedProcess/sharedProcessMain.js:23:4508
    at v.invoke (vscode-file://vscode-app/usr/lib/code/out/vs/code/electron-browser/sharedProcess/sharedProcessMain.js:19:145)
    at p.deliver (vscode-file://vscode-app/usr/lib/code/out/vs/code/electron-browser/sharedProcess/sharedProcessMain.js:19:2266)
    at y.fire (vscode-file://vscode-app/usr/lib/code/out/vs/code/electron-browser/sharedProcess/sharedProcessMain.js:19:1844)
    at MessagePort.X (vscode-file://vscode-app/usr/lib/code/out/vs/code/electron-browser/sharedProcess/sharedProcessMain.js:17:24062)
2022-11-12 21:37:58.267 [info] Worker process with pid 17161 terminated normally (type: fileWatcher, window: 1).
2022-11-12 21:37:59.449 [info] Starting worker process with pid 17200 (type: fileWatcher, window: 1).
