2022-11-13 08:49:00.988 [info] Validating found git in: git
2022-11-13 08:49:00.988 [info] Using git 2.38.1 from git
2022-11-13 08:49:00.988 [info] > git rev-parse --show-toplevel [8ms]
2022-11-13 08:49:00.988 [info] > git rev-parse --git-dir --git-common-dir [33ms]
2022-11-13 08:49:00.988 [info] Log level: Info
2022-11-13 08:49:00.988 [info] Open repository: /home/linux/Blooger_Website
2022-11-13 08:49:00.988 [info] > git remote --verbose [53ms]
2022-11-13 08:49:00.988 [info] > git for-each-ref --sort -committerdate --format %(refname) %(objectname) %(*objectname) [62ms]
2022-11-13 08:49:00.992 [info] > git config --get commit.template [27ms]
2022-11-13 08:49:00.992 [info] > git rev-parse --show-toplevel [47ms]
2022-11-13 08:49:01.029 [info] > git rev-parse --show-toplevel [16ms]
2022-11-13 08:49:01.043 [info] > git for-each-ref --format=%(refname)%00%(upstream:short)%00%(objectname)%00%(upstream:track)%00%(upstream:remotename)%00%(upstream:remoteref) refs/heads/master refs/remotes/master [16ms]
2022-11-13 08:49:01.046 [info] > git rev-parse --show-toplevel [5ms]
2022-11-13 08:49:01.056 [info] > git rev-parse --show-toplevel [2ms]
2022-11-13 08:49:01.065 [info] > git rev-parse --show-toplevel [3ms]
2022-11-13 08:49:01.073 [info] > git status -z -uall [138ms]
2022-11-13 08:49:01.122 [info] > git remote --verbose [15ms]
2022-11-13 08:49:01.122 [info] > git for-each-ref --sort -committerdate --format %(refname) %(objectname) %(*objectname) [30ms]
2022-11-13 08:49:01.136 [info] > git config --get commit.template [15ms]
2022-11-13 08:49:01.137 [info] > git for-each-ref --format=%(refname)%00%(upstream:short)%00%(objectname)%00%(upstream:track)%00%(upstream:remotename)%00%(upstream:remoteref) refs/heads/master refs/remotes/master [3ms]
2022-11-13 08:49:01.232 [info] > git status -z -uall [120ms]
2022-11-13 08:49:01.499 [info] > git check-ignore -v -z --stdin [3ms]
2022-11-13 08:49:02.303 [info] > git show --textconv :Index.html [10ms]
2022-11-13 08:49:02.307 [info] > git ls-files --stage -- /home/linux/Blooger_Website/Index.html [5ms]
2022-11-13 08:49:02.331 [info] > git cat-file -s ab167c9102bb1184a7caab91e7f914d3d9bc2c03 [5ms]
