2022-11-12 21:37:08.325 [info] Added views:workbench.panel.markers.view in workbench.panel.markers
2022-11-12 21:37:08.325 [info] Added views:workbench.panel.output in workbench.panel.output
2022-11-12 21:37:08.325 [info] Added views:terminal in terminal
2022-11-12 21:37:08.326 [info] Added views:outline in workbench.view.explorer
2022-11-12 21:37:08.326 [info] Added views:workbench.scm in workbench.view.scm
2022-11-12 21:37:08.326 [info] Added views:workbench.view.search in workbench.view.search
2022-11-12 21:37:08.326 [info] Added views:timeline in workbench.view.explorer
2022-11-12 21:37:08.326 [info] Added views:workbench.explorer.emptyView in workbench.view.explorer
2022-11-12 21:37:08.326 [info] Added views:workbench.debug.welcome in workbench.view.debug
2022-11-12 21:37:09.450 [info] Added views:workbench.panel.repl.view in workbench.panel.repl
2022-11-12 21:37:11.770 [info] Added views:workbench.views.extensions.installed,workbench.views.extensions.popular,extensions.recommendedList in workbench.view.extensions
2022-11-12 21:37:11.770 [info] Removed views:workbench.views.extensions.popular from workbench.view.extensions
2022-11-12 21:37:16.716 [info] Removed views:extensions.recommendedList,workbench.views.extensions.installed from workbench.view.extensions
2022-11-12 21:37:16.724 [info] Added views:workbench.views.extensions.marketplace in workbench.view.extensions
2022-11-12 21:37:36.585 [info] Added views:workbench.panel.markers.view in workbench.panel.markers
2022-11-12 21:37:36.585 [info] Added views:workbench.panel.output in workbench.panel.output
2022-11-12 21:37:36.585 [info] Added views:terminal in terminal
2022-11-12 21:37:36.585 [info] Added views:outline in workbench.view.explorer
2022-11-12 21:37:36.585 [info] Added views:workbench.scm in workbench.view.scm
2022-11-12 21:37:36.585 [info] Added views:workbench.view.search in workbench.view.search
2022-11-12 21:37:36.585 [info] Added views:timeline in workbench.view.explorer
2022-11-12 21:37:36.585 [info] Added views:workbench.explorer.fileView in workbench.view.explorer
2022-11-12 21:37:36.585 [info] Added views:workbench.debug.variablesView,workbench.debug.watchExpressionsView,workbench.debug.callStackView,workbench.debug.breakPointsView in workbench.view.debug
2022-11-12 21:37:38.199 [info] Added views:workbench.panel.repl.view in workbench.panel.repl
2022-11-12 21:37:38.207 [info] Removed views:workbench.debug.breakPointsView,workbench.debug.callStackView,workbench.debug.watchExpressionsView,workbench.debug.variablesView from workbench.view.debug
2022-11-12 21:37:38.209 [info] Added views:workbench.debug.welcome in workbench.view.debug
2022-11-12 21:37:48.812 [info] Added views:workbench.views.extensions.installed,workbench.views.extensions.popular,extensions.recommendedList in workbench.view.extensions
2022-11-12 21:37:48.815 [info] Removed views:workbench.views.extensions.popular from workbench.view.extensions
2022-11-12 21:37:59.124 [info] Added views:workbench.panel.markers.view in workbench.panel.markers
2022-11-12 21:37:59.124 [info] Added views:workbench.panel.output in workbench.panel.output
2022-11-12 21:37:59.124 [info] Added views:terminal in terminal
2022-11-12 21:37:59.124 [info] Added views:outline in workbench.view.explorer
2022-11-12 21:37:59.124 [info] Added views:workbench.scm in workbench.view.scm
2022-11-12 21:37:59.124 [info] Added views:workbench.view.search in workbench.view.search
2022-11-12 21:37:59.124 [info] Added views:timeline in workbench.view.explorer
2022-11-12 21:37:59.124 [info] Added views:workbench.explorer.fileView in workbench.view.explorer
2022-11-12 21:37:59.124 [info] Added views:workbench.views.extensions.installed,extensions.recommendedList in workbench.view.extensions
2022-11-12 21:37:59.124 [info] Added views:workbench.debug.welcome in workbench.view.debug
2022-11-12 21:38:00.491 [info] Added views:workbench.panel.repl.view in workbench.panel.repl
