2022-11-14 21:57:08.041 [info] Validating found git in: git
2022-11-14 21:57:08.041 [info] Using git 2.38.1 from git
2022-11-14 21:57:08.041 [info] > git rev-parse --show-toplevel [6ms]
2022-11-14 21:57:08.041 [info] > git rev-parse --git-dir --git-common-dir [4ms]
2022-11-14 21:57:08.041 [info] Log level: Info
2022-11-14 21:57:08.041 [info] Open repository: /home/linux/react-blog-app
2022-11-14 21:57:08.041 [info] > git status -z -uall [61ms]
2022-11-14 21:57:08.041 [info] > git remote --verbose [76ms]
2022-11-14 21:57:08.041 [info] > git for-each-ref --sort -committerdate --format %(refname) %(objectname) %(*objectname) [91ms]
2022-11-14 21:57:08.041 [info] > git config --get commit.template [30ms]
2022-11-14 21:57:08.041 [info] > git rev-parse --show-toplevel [43ms]
2022-11-14 21:57:08.042 [info] > git rev-parse --show-toplevel [16ms]
2022-11-14 21:57:08.042 [info] > git for-each-ref --format=%(refname)%00%(upstream:short)%00%(objectname)%00%(upstream:track)%00%(upstream:remotename)%00%(upstream:remoteref) refs/heads/main refs/remotes/main [14ms]
2022-11-14 21:57:08.042 [info] > git remote --verbose [15ms]
2022-11-14 21:57:08.042 [info] > git for-each-ref --sort -committerdate --format %(refname) %(objectname) %(*objectname) [32ms]
2022-11-14 21:57:08.042 [info] > git rev-parse --show-toplevel [55ms]
2022-11-14 21:57:08.042 [info] > git status -z -uall [31ms]
2022-11-14 21:57:08.042 [info] > git config --get commit.template [17ms]
2022-11-14 21:57:08.042 [info] > git for-each-ref --format=%(refname)%00%(upstream:short)%00%(objectname)%00%(upstream:track)%00%(upstream:remotename)%00%(upstream:remoteref) refs/heads/main refs/remotes/main [7ms]
2022-11-14 21:57:08.042 [info] > git check-ignore -v -z --stdin [17ms]
2022-11-14 21:57:08.042 [info] > git show --textconv :src/post/Post.jsx [44ms]
2022-11-14 21:57:08.042 [info] > git ls-files --stage -- /home/linux/react-blog-app/src/post/Post.jsx [8ms]
2022-11-14 21:57:08.042 [info] > git cat-file -s 13622fa0aa943e34f0262146da3959046738ece5 [6ms]
2022-11-14 21:57:09.096 [info] > git show --textconv :src/posts/Posts.jsx [11ms]
2022-11-14 21:57:09.100 [info] > git ls-files --stage -- /home/linux/react-blog-app/src/posts/Posts.jsx [6ms]
2022-11-14 21:57:09.128 [info] > git cat-file -s b7943f2bdeef49c6af55b07b71720b68d960938d [9ms]
2022-11-14 21:59:57.542 [info] > git status -z -uall [6ms]
2022-11-14 21:59:57.543 [info] > git remote --verbose [13ms]
2022-11-14 21:59:57.543 [info] > git for-each-ref --sort -committerdate --format %(refname) %(objectname) %(*objectname) [19ms]
2022-11-14 21:59:57.544 [info] > git config --get commit.template [2ms]
2022-11-14 21:59:57.553 [info] > git for-each-ref --format=%(refname)%00%(upstream:short)%00%(objectname)%00%(upstream:track)%00%(upstream:remotename)%00%(upstream:remoteref) refs/heads/main refs/remotes/main [1ms]
2022-11-14 21:59:59.688 [info] > git show --textconv :src/post/Post.jsx [12ms]
2022-11-14 21:59:59.688 [info] > git ls-files --stage -- /home/linux/react-blog-app/src/post/Post.jsx [4ms]
2022-11-14 21:59:59.701 [info] > git cat-file -s 13622fa0aa943e34f0262146da3959046738ece5 [6ms]
2022-11-14 22:00:05.737 [info] > git show --textconv :src/post/style.css [9ms]
2022-11-14 22:00:05.738 [info] > git ls-files --stage -- /home/linux/react-blog-app/src/post/style.css [3ms]
2022-11-14 22:00:05.945 [info] > git check-ignore -v -z --stdin [2ms]
2022-11-14 22:00:06.468 [info] > git status -z -uall [11ms]
2022-11-14 22:00:06.469 [info] > git remote --verbose [19ms]
2022-11-14 22:00:06.470 [info] > git for-each-ref --sort -committerdate --format %(refname) %(objectname) %(*objectname) [28ms]
2022-11-14 22:00:06.471 [info] > git config --get commit.template [4ms]
2022-11-14 22:00:06.491 [info] > git for-each-ref --format=%(refname)%00%(upstream:short)%00%(objectname)%00%(upstream:track)%00%(upstream:remotename)%00%(upstream:remoteref) refs/heads/main refs/remotes/main [6ms]
