2022-11-14 20:16:50.275 [info] Added views:workbench.panel.markers.view in workbench.panel.markers
2022-11-14 20:16:50.275 [info] Added views:workbench.panel.output in workbench.panel.output
2022-11-14 20:16:50.275 [info] Added views:terminal in terminal
2022-11-14 20:16:50.275 [info] Added views:outline in workbench.view.explorer
2022-11-14 20:16:50.275 [info] Added views:workbench.scm in workbench.view.scm
2022-11-14 20:16:50.275 [info] Added views:workbench.view.search in workbench.view.search
2022-11-14 20:16:50.275 [info] Added views:timeline in workbench.view.explorer
2022-11-14 20:16:50.275 [info] Added views:workbench.explorer.fileView in workbench.view.explorer
2022-11-14 20:16:50.989 [info] Added views:workbench.debug.welcome in workbench.view.debug
2022-11-14 20:16:51.061 [info] Added views:workbench.panel.repl.view in workbench.panel.repl
2022-11-14 20:17:03.859 [info] Added views:workbench.panel.markers.view in workbench.panel.markers
2022-11-14 20:17:03.859 [info] Added views:workbench.panel.output in workbench.panel.output
2022-11-14 20:17:03.859 [info] Added views:terminal in terminal
2022-11-14 20:17:03.859 [info] Added views:outline in workbench.view.explorer
2022-11-14 20:17:03.859 [info] Added views:workbench.scm in workbench.view.scm
2022-11-14 20:17:03.859 [info] Added views:workbench.view.search in workbench.view.search
2022-11-14 20:17:03.860 [info] Added views:timeline in workbench.view.explorer
2022-11-14 20:17:03.860 [info] Added views:workbench.explorer.fileView in workbench.view.explorer
2022-11-14 20:17:03.860 [info] Added views:workbench.debug.variablesView,workbench.debug.watchExpressionsView,workbench.debug.callStackView,workbench.debug.breakPointsView in workbench.view.debug
2022-11-14 20:17:05.205 [info] Added views:workbench.panel.repl.view in workbench.panel.repl
2022-11-14 20:17:05.208 [info] Removed views:workbench.debug.breakPointsView,workbench.debug.callStackView,workbench.debug.watchExpressionsView,workbench.debug.variablesView from workbench.view.debug
2022-11-14 20:17:05.210 [info] Added views:workbench.debug.welcome in workbench.view.debug
2022-11-14 20:17:05.882 [info] Added views:workbench.views.extensions.installed,workbench.views.extensions.popular,extensions.recommendedList in workbench.view.extensions
2022-11-14 20:17:05.884 [info] Removed views:workbench.views.extensions.popular from workbench.view.extensions
2022-11-14 20:17:09.469 [info] Removed views:extensions.recommendedList,workbench.views.extensions.installed from workbench.view.extensions
2022-11-14 20:17:09.482 [info] Added views:workbench.views.extensions.marketplace in workbench.view.extensions
2022-11-14 20:17:27.279 [info] Removed views:workbench.views.extensions.marketplace from workbench.view.extensions
2022-11-14 20:17:27.293 [info] Added views:workbench.views.extensions.installed,extensions.recommendedList in workbench.view.extensions
2022-11-14 20:18:24.289 [info] Added views:workbench.panel.markers.view in workbench.panel.markers
2022-11-14 20:18:24.289 [info] Added views:workbench.panel.output in workbench.panel.output
2022-11-14 20:18:24.289 [info] Added views:terminal in terminal
2022-11-14 20:18:24.289 [info] Added views:outline in workbench.view.explorer
2022-11-14 20:18:24.289 [info] Added views:workbench.scm in workbench.view.scm
2022-11-14 20:18:24.289 [info] Added views:workbench.view.search in workbench.view.search
2022-11-14 20:18:24.289 [info] Added views:timeline in workbench.view.explorer
2022-11-14 20:18:24.289 [info] Added views:workbench.explorer.fileView in workbench.view.explorer
2022-11-14 20:18:24.289 [info] Added views:workbench.debug.variablesView,workbench.debug.watchExpressionsView,workbench.debug.callStackView,workbench.debug.breakPointsView in workbench.view.debug
2022-11-14 20:18:25.924 [info] Added views:workbench.panel.repl.view in workbench.panel.repl
2022-11-14 20:18:25.927 [info] Removed views:workbench.debug.breakPointsView,workbench.debug.callStackView,workbench.debug.watchExpressionsView,workbench.debug.variablesView from workbench.view.debug
2022-11-14 20:18:25.929 [info] Added views:workbench.debug.welcome in workbench.view.debug
2022-11-14 20:18:55.502 [info] Added views:workbench.views.extensions.installed,workbench.views.extensions.popular,extensions.recommendedList in workbench.view.extensions
2022-11-14 20:18:55.505 [info] Removed views:workbench.views.extensions.popular from workbench.view.extensions
2022-11-14 20:18:57.372 [info] Removed views:extensions.recommendedList,workbench.views.extensions.installed from workbench.view.extensions
2022-11-14 20:18:57.388 [info] Added views:workbench.views.extensions.marketplace in workbench.view.extensions
2022-11-14 20:19:51.307 [info] Removed views:workbench.views.extensions.marketplace from workbench.view.extensions
2022-11-14 20:19:51.324 [info] Added views:workbench.views.extensions.installed,extensions.recommendedList in workbench.view.extensions
2022-11-14 20:19:53.375 [info] Removed views:extensions.recommendedList,workbench.views.extensions.installed from workbench.view.extensions
2022-11-14 20:19:53.390 [info] Added views:workbench.views.extensions.marketplace in workbench.view.extensions
