2022-11-14 20:16:51.603 [info] Validating found git in: git
2022-11-14 20:16:51.603 [info] Using git 2.38.1 from git
2022-11-14 20:16:51.603 [info] > git rev-parse --show-toplevel [5ms]
2022-11-14 20:16:51.603 [info] fatal: not a git repository (or any of the parent directories): .git
2022-11-14 20:16:51.603 [info] > git rev-parse --show-toplevel [2ms]
2022-11-14 20:16:51.603 [info] fatal: not a git repository (or any of the parent directories): .git
2022-11-14 20:16:51.603 [info] > git rev-parse --show-toplevel [2ms]
2022-11-14 20:16:51.603 [info] fatal: not a git repository (or any of the parent directories): .git
2022-11-14 20:16:51.603 [info] > git rev-parse --show-toplevel [27ms]
2022-11-14 20:16:51.603 [info] fatal: not a git repository (or any of the parent directories): .git
2022-11-14 20:16:51.603 [info] > git rev-parse --show-toplevel [8ms]
2022-11-14 20:16:51.603 [info] fatal: not a git repository (or any of the parent directories): .git
2022-11-14 20:16:53.074 [info] > git rev-parse --show-toplevel [2ms]
2022-11-14 20:16:53.074 [info] fatal: not a git repository (or any of the parent directories): .git
2022-11-14 20:17:24.846 [info] Validating found git in: git
2022-11-14 20:17:24.846 [info] Using git 2.38.1 from git
2022-11-14 20:17:24.846 [info] > git rev-parse --show-toplevel [25ms]
2022-11-14 20:17:24.846 [info] > git rev-parse --git-dir --git-common-dir [47ms]
2022-11-14 20:17:24.846 [info] Log level: Info
2022-11-14 20:17:24.847 [info] Open repository: /home/linux/krisha-blog
2022-11-14 20:17:24.847 [info] > git status -z -uall [84ms]
2022-11-14 20:17:24.847 [info] > git remote --verbose [98ms]
2022-11-14 20:17:24.847 [info] > git for-each-ref --sort -committerdate --format %(refname) %(objectname) %(*objectname) [137ms]
2022-11-14 20:17:24.847 [info] > git config --get commit.template [16ms]
2022-11-14 20:17:24.847 [info] > git rev-parse --show-toplevel [53ms]
2022-11-14 20:17:24.848 [info] > git rev-parse --show-toplevel [18ms]
2022-11-14 20:17:24.861 [info] > git for-each-ref --format=%(refname)%00%(upstream:short)%00%(objectname)%00%(upstream:track)%00%(upstream:remotename)%00%(upstream:remoteref) refs/heads/main refs/remotes/main [18ms]
2022-11-14 20:17:24.917 [info] > git status -z -uall [11ms]
2022-11-14 20:17:24.918 [info] > git remote --verbose [28ms]
2022-11-14 20:17:24.919 [info] > git for-each-ref --sort -committerdate --format %(refname) %(objectname) %(*objectname) [35ms]
2022-11-14 20:17:24.919 [info] > git rev-parse --show-toplevel [61ms]
2022-11-14 20:17:24.931 [info] > git config --get commit.template [14ms]
2022-11-14 20:17:24.931 [info] > git rev-parse --show-toplevel [3ms]
2022-11-14 20:17:24.945 [info] > git for-each-ref --format=%(refname)%00%(upstream:short)%00%(objectname)%00%(upstream:track)%00%(upstream:remotename)%00%(upstream:remoteref) refs/heads/main refs/remotes/main [4ms]
2022-11-14 20:17:47.714 [info] > git check-ignore -v -z --stdin [1ms]
2022-11-14 20:17:50.664 [info] > git show --textconv :package-lock.json [13ms]
2022-11-14 20:17:50.670 [info] > git ls-files --stage -- /home/linux/krisha-blog/package-lock.json [7ms]
2022-11-14 20:17:54.701 [info] > git check-ignore -v -z --stdin [2ms]
2022-11-14 20:17:56.076 [info] > git check-ignore -v -z --stdin [2ms]
2022-11-14 20:17:57.313 [info] > git check-ignore -v -z --stdin [1ms]
2022-11-14 20:18:00.512 [info] > git check-ignore -v -z --stdin [2ms]
2022-11-14 20:18:26.486 [info] Validating found git in: git
2022-11-14 20:18:26.486 [info] Using git 2.38.1 from git
2022-11-14 20:18:26.486 [info] > git rev-parse --show-toplevel [21ms]
2022-11-14 20:18:26.486 [info] > git rev-parse --git-dir --git-common-dir [14ms]
2022-11-14 20:18:26.498 [info] Log level: Info
2022-11-14 20:18:26.498 [info] Open repository: /home/linux/react-blog-app
2022-11-14 20:18:26.531 [info] > git status -z -uall [15ms]
2022-11-14 20:18:26.533 [info] > git remote --verbose [23ms]
2022-11-14 20:18:26.533 [info] > git for-each-ref --sort -committerdate --format %(refname) %(objectname) %(*objectname) [29ms]
2022-11-14 20:18:26.535 [info] > git config --get commit.template [5ms]
2022-11-14 20:18:26.535 [info] > git rev-parse --show-toplevel [13ms]
2022-11-14 20:18:26.554 [info] > git rev-parse --show-toplevel [13ms]
2022-11-14 20:18:26.556 [info] > git for-each-ref --format=%(refname)%00%(upstream:short)%00%(objectname)%00%(upstream:track)%00%(upstream:remotename)%00%(upstream:remoteref) refs/heads/main refs/remotes/main [7ms]
2022-11-14 20:18:26.595 [info] > git status -z -uall [9ms]
2022-11-14 20:18:26.596 [info] > git remote --verbose [15ms]
2022-11-14 20:18:26.596 [info] > git for-each-ref --sort -committerdate --format %(refname) %(objectname) %(*objectname) [24ms]
2022-11-14 20:18:26.605 [info] > git config --get commit.template [10ms]
2022-11-14 20:18:26.617 [info] > git for-each-ref --format=%(refname)%00%(upstream:short)%00%(objectname)%00%(upstream:track)%00%(upstream:remotename)%00%(upstream:remoteref) refs/heads/main refs/remotes/main [4ms]
2022-11-14 20:18:27.433 [info] > git check-ignore -v -z --stdin [2ms]
2022-11-14 20:18:28.459 [info] > git check-ignore -v -z --stdin [2ms]
2022-11-14 20:18:30.047 [info] > git check-ignore -v -z --stdin [1ms]
2022-11-14 20:18:30.727 [info] > git ls-files --stage -- /home/linux/react-blog-app/src/post/post.css [3ms]
2022-11-14 20:18:30.734 [info] > git show --textconv :src/post/post.css [20ms]
2022-11-14 20:18:30.736 [info] > git cat-file -s acd5be9169d86910a2ac5d275896af447e2a7a73 [2ms]
2022-11-14 20:18:32.197 [info] > git show --textconv :src/post/Post.jsx [25ms]
2022-11-14 20:18:32.198 [info] > git ls-files --stage -- /home/linux/react-blog-app/src/post/Post.jsx [16ms]
2022-11-14 20:18:32.213 [info] > git cat-file -s 13622fa0aa943e34f0262146da3959046738ece5 [7ms]
2022-11-14 20:19:17.691 [info] > git show --textconv :src/post/Post.jsx [8ms]
2022-11-14 20:19:17.693 [info] > git ls-files --stage -- /home/linux/react-blog-app/src/post/Post.jsx [2ms]
2022-11-14 20:19:17.701 [info] > git cat-file -s 13622fa0aa943e34f0262146da3959046738ece5 [4ms]
2022-11-14 20:19:35.088 [info] > git status -z -uall [10ms]
2022-11-14 20:19:35.088 [info] > git remote --verbose [15ms]
2022-11-14 20:19:35.089 [info] > git for-each-ref --sort -committerdate --format %(refname) %(objectname) %(*objectname) [21ms]
2022-11-14 20:19:35.094 [info] > git config --get commit.template [5ms]
2022-11-14 20:19:35.104 [info] > git for-each-ref --format=%(refname)%00%(upstream:short)%00%(objectname)%00%(upstream:track)%00%(upstream:remotename)%00%(upstream:remoteref) refs/heads/main refs/remotes/main [2ms]
2022-11-14 20:19:44.311 [info] > git status -z -uall [6ms]
2022-11-14 20:19:44.312 [info] > git remote --verbose [11ms]
2022-11-14 20:19:44.312 [info] > git for-each-ref --sort -committerdate --format %(refname) %(objectname) %(*objectname) [17ms]
2022-11-14 20:19:44.313 [info] > git config --get commit.template [1ms]
2022-11-14 20:19:44.321 [info] > git for-each-ref --format=%(refname)%00%(upstream:short)%00%(objectname)%00%(upstream:track)%00%(upstream:remotename)%00%(upstream:remoteref) refs/heads/main refs/remotes/main [2ms]
2022-11-14 20:19:59.706 [info] > git show --textconv :src/post/Post.jsx [10ms]
2022-11-14 20:19:59.707 [info] > git ls-files --stage -- /home/linux/react-blog-app/src/post/Post.jsx [2ms]
2022-11-14 20:19:59.715 [info] > git cat-file -s 13622fa0aa943e34f0262146da3959046738ece5 [2ms]
2022-11-14 20:20:00.792 [info] > git show --textconv :src/post/Post.jsx [8ms]
2022-11-14 20:20:00.793 [info] > git ls-files --stage -- /home/linux/react-blog-app/src/post/Post.jsx [2ms]
2022-11-14 20:20:00.801 [info] > git cat-file -s 13622fa0aa943e34f0262146da3959046738ece5 [2ms]
2022-11-14 20:20:14.138 [info] > git show --textconv :src/post/Post.jsx [11ms]
2022-11-14 20:20:14.139 [info] > git ls-files --stage -- /home/linux/react-blog-app/src/post/Post.jsx [3ms]
2022-11-14 20:20:14.153 [info] > git cat-file -s 13622fa0aa943e34f0262146da3959046738ece5 [5ms]
2022-11-14 20:20:45.635 [info] > git status -z -uall [7ms]
2022-11-14 20:20:45.635 [info] > git remote --verbose [12ms]
2022-11-14 20:20:45.636 [info] > git for-each-ref --sort -committerdate --format %(refname) %(objectname) %(*objectname) [18ms]
2022-11-14 20:20:45.638 [info] > git config --get commit.template [3ms]
2022-11-14 20:20:45.647 [info] > git for-each-ref --format=%(refname)%00%(upstream:short)%00%(objectname)%00%(upstream:track)%00%(upstream:remotename)%00%(upstream:remoteref) refs/heads/main refs/remotes/main [3ms]
2022-11-14 20:20:54.526 [info] > git status -z -uall [6ms]
2022-11-14 20:20:54.526 [info] > git remote --verbose [14ms]
2022-11-14 20:20:54.526 [info] > git for-each-ref --sort -committerdate --format %(refname) %(objectname) %(*objectname) [21ms]
2022-11-14 20:20:54.527 [info] > git config --get commit.template [2ms]
2022-11-14 20:20:54.536 [info] > git for-each-ref --format=%(refname)%00%(upstream:short)%00%(objectname)%00%(upstream:track)%00%(upstream:remotename)%00%(upstream:remoteref) refs/heads/main refs/remotes/main [2ms]
2022-11-14 20:21:41.199 [info] > git status -z -uall [7ms]
2022-11-14 20:21:41.199 [info] > git remote --verbose [12ms]
2022-11-14 20:21:41.200 [info] > git for-each-ref --sort -committerdate --format %(refname) %(objectname) %(*objectname) [18ms]
2022-11-14 20:21:41.200 [info] > git config --get commit.template [2ms]
2022-11-14 20:21:41.208 [info] > git for-each-ref --format=%(refname)%00%(upstream:short)%00%(objectname)%00%(upstream:track)%00%(upstream:remotename)%00%(upstream:remoteref) refs/heads/main refs/remotes/main [2ms]
2022-11-14 20:21:49.949 [info] > git show --textconv :src/posts/Posts.jsx [12ms]
2022-11-14 20:21:49.950 [info] > git ls-files --stage -- /home/linux/react-blog-app/src/posts/Posts.jsx [3ms]
2022-11-14 20:21:49.966 [info] > git cat-file -s b7943f2bdeef49c6af55b07b71720b68d960938d [8ms]
2022-11-14 20:21:50.262 [info] > git check-ignore -v -z --stdin [3ms]
2022-11-14 20:22:15.461 [info] > git show --textconv :src/posts/Posts.jsx [9ms]
2022-11-14 20:22:15.462 [info] > git ls-files --stage -- /home/linux/react-blog-app/src/posts/Posts.jsx [2ms]
2022-11-14 20:22:15.474 [info] > git cat-file -s b7943f2bdeef49c6af55b07b71720b68d960938d [5ms]
