2022-11-12 21:37:09.377 [info] Extension host with pid 17064 started
2022-11-12 21:37:09.453 [info] ExtensionService#_doActivateExtension vscode.git-base, startup: true, activationEvent: '*', root cause: vscode.git
2022-11-12 21:37:09.466 [info] ExtensionService#_doActivateExtension vscode.git, startup: true, activationEvent: '*'
2022-11-12 21:37:09.466 [info] ExtensionService#_doActivateExtension vscode.github, startup: true, activationEvent: '*'
2022-11-12 21:37:09.576 [info] Eager extensions activated
2022-11-12 21:37:09.619 [info] ExtensionService#_doActivateExtension vscode.debug-auto-launch, startup: false, activationEvent: 'onStartupFinished'
2022-11-12 21:37:09.619 [info] ExtensionService#_doActivateExtension vscode.emmet, startup: false, activationEvent: 'onStartupFinished'
2022-11-12 21:37:09.620 [info] ExtensionService#_doActivateExtension vscode.merge-conflict, startup: false, activationEvent: 'onStartupFinished'
2022-11-12 21:37:34.906 [info] Extension host terminating: received terminate message from renderer
2022-11-12 21:37:34.914 [info] Extension host with pid 17064 exiting with code 0
2022-11-12 21:37:38.040 [info] Extension host with pid 17160 started
2022-11-12 21:37:38.040 [info] Skipping acquiring lock for /home/linux/.config/Code - OSS/User/workspaceStorage/f89fd499155d705531fb7d7f2405b305.
2022-11-12 21:37:38.218 [info] ExtensionService#_doActivateExtension vscode.git-base, startup: true, activationEvent: '*'
2022-11-12 21:37:38.219 [info] ExtensionService#_doActivateExtension vscode.npm, startup: true, activationEvent: 'workspaceContains:package.json'
2022-11-12 21:37:38.336 [info] ExtensionService#_doActivateExtension vscode.github, startup: true, activationEvent: '*'
2022-11-12 21:37:38.420 [info] Eager extensions activated
2022-11-12 21:37:38.426 [info] ExtensionService#_doActivateExtension vscode.debug-auto-launch, startup: false, activationEvent: 'onStartupFinished'
2022-11-12 21:37:38.427 [info] ExtensionService#_doActivateExtension vscode.emmet, startup: false, activationEvent: 'onStartupFinished'
2022-11-12 21:37:38.427 [info] ExtensionService#_doActivateExtension vscode.merge-conflict, startup: false, activationEvent: 'onStartupFinished'
2022-11-12 21:37:38.795 [info] ExtensionService#_doActivateExtension vscode.git, startup: false, activationEvent: 'api', root cause: vscode.github
2022-11-12 21:37:43.777 [info] ExtensionService#_doActivateExtension ritwickdey.LiveServer, startup: false, activationEvent: 'onStartupFinished'
2022-11-12 21:37:44.597 [info] ExtensionService#_doActivateExtension yandeu.five-server, startup: false, activationEvent: '*'
2022-11-12 21:37:58.235 [info] Extension host terminating: received terminate message from renderer
2022-11-12 21:37:58.250 [info] Extension host with pid 17160 exiting with code 0
2022-11-12 21:38:00.426 [info] Extension host with pid 17201 started
2022-11-12 21:38:00.426 [info] Skipping acquiring lock for /home/linux/.config/Code - OSS/User/workspaceStorage/f89fd499155d705531fb7d7f2405b305.
2022-11-12 21:38:00.496 [info] ExtensionService#_doActivateExtension vscode.git-base, startup: true, activationEvent: '*', root cause: vscode.git
2022-11-12 21:38:00.498 [info] ExtensionService#_doActivateExtension yandeu.five-server, startup: true, activationEvent: '*'
2022-11-12 21:38:00.516 [info] ExtensionService#_doActivateExtension vscode.npm, startup: true, activationEvent: 'workspaceContains:package.json'
2022-11-12 21:38:00.572 [info] ExtensionService#_doActivateExtension vscode.git, startup: true, activationEvent: '*'
2022-11-12 21:38:00.573 [info] ExtensionService#_doActivateExtension vscode.github, startup: true, activationEvent: '*'
2022-11-12 21:38:00.724 [info] Eager extensions activated
2022-11-12 21:38:00.727 [info] ExtensionService#_doActivateExtension vscode.debug-auto-launch, startup: false, activationEvent: 'onStartupFinished'
2022-11-12 21:38:00.728 [info] ExtensionService#_doActivateExtension vscode.emmet, startup: false, activationEvent: 'onStartupFinished'
2022-11-12 21:38:00.728 [info] ExtensionService#_doActivateExtension vscode.merge-conflict, startup: false, activationEvent: 'onStartupFinished'
2022-11-12 21:38:06.976 [info] ExtensionService#_doActivateExtension vscode.html-language-features, startup: false, activationEvent: 'onLanguage:html'
2022-11-12 21:39:40.121 [info] Extension host terminating: received terminate message from renderer
2022-11-12 21:39:40.156 [info] Extension host with pid 17201 exiting with code 0
