2022-11-13 08:45:46.995 [info] Validating found git in: git
2022-11-13 08:45:46.995 [info] Using git 2.38.1 from git
2022-11-13 08:45:46.995 [info] > git rev-parse --show-toplevel [6ms]
2022-11-13 08:45:46.996 [info] > git rev-parse --git-dir --git-common-dir [3ms]
2022-11-13 08:45:46.996 [info] Log level: Info
2022-11-13 08:45:46.996 [info] Open repository: /home/linux/devblog-personal-blog-website
2022-11-13 08:45:46.996 [info] > git status -z -uall [158ms]
2022-11-13 08:45:46.996 [info] > git rev-parse --show-toplevel [146ms]
2022-11-13 08:45:46.996 [info] > git remote --verbose [176ms]
2022-11-13 08:45:46.996 [info] > git for-each-ref --sort -committerdate --format %(refname) %(objectname) %(*objectname) [186ms]
2022-11-13 08:45:46.996 [info] > git config --get commit.template [57ms]
2022-11-13 08:45:46.996 [info] > git for-each-ref --format=%(refname)%00%(upstream:short)%00%(objectname)%00%(upstream:track)%00%(upstream:remotename)%00%(upstream:remoteref) refs/heads/master refs/remotes/master [25ms]
2022-11-13 08:45:46.996 [info] > git remote --verbose [17ms]
2022-11-13 08:45:46.996 [info] > git for-each-ref --sort -committerdate --format %(refname) %(objectname) %(*objectname) [27ms]
2022-11-13 08:45:46.996 [info] > git status -z -uall [16ms]
2022-11-13 08:45:46.996 [info] > git config --get commit.template [9ms]
2022-11-13 08:45:46.996 [info] > git for-each-ref --format=%(refname)%00%(upstream:short)%00%(objectname)%00%(upstream:track)%00%(upstream:remotename)%00%(upstream:remoteref) refs/heads/master refs/remotes/master [7ms]
2022-11-13 08:45:46.996 [info] > git check-ignore -v -z --stdin [5ms]
2022-11-13 08:45:46.998 [info] > git show --textconv :index.html [17ms]
2022-11-13 08:45:46.998 [info] > git ls-files --stage -- /home/linux/devblog-personal-blog-website/index.html [4ms]
2022-11-13 08:45:47.026 [info] > git cat-file -s 3cc41a523a773b84f15217216b0a0d27ed5a2bf8 [6ms]
