2022-11-12 21:39:45.124 [info] Added views:workbench.panel.markers.view in workbench.panel.markers
2022-11-12 21:39:45.124 [info] Added views:workbench.panel.output in workbench.panel.output
2022-11-12 21:39:45.124 [info] Added views:terminal in terminal
2022-11-12 21:39:45.124 [info] Added views:outline in workbench.view.explorer
2022-11-12 21:39:45.124 [info] Added views:workbench.scm in workbench.view.scm
2022-11-12 21:39:45.124 [info] Added views:workbench.view.search in workbench.view.search
2022-11-12 21:39:45.124 [info] Added views:timeline in workbench.view.explorer
2022-11-12 21:39:45.124 [info] Added views:workbench.explorer.fileView in workbench.view.explorer
2022-11-12 21:39:45.412 [info] Added views:workbench.debug.welcome in workbench.view.debug
2022-11-12 21:39:46.890 [info] Added views:workbench.panel.repl.view in workbench.panel.repl
2022-11-12 21:39:59.439 [info] Added views:workbench.views.extensions.installed,workbench.views.extensions.popular,extensions.recommendedList in workbench.view.extensions
2022-11-12 21:39:59.442 [info] Removed views:workbench.views.extensions.popular from workbench.view.extensions
2022-11-12 21:40:11.604 [info] Added views:workbench.panel.markers.view in workbench.panel.markers
2022-11-12 21:40:11.604 [info] Added views:workbench.panel.output in workbench.panel.output
2022-11-12 21:40:11.604 [info] Added views:terminal in terminal
2022-11-12 21:40:11.604 [info] Added views:outline in workbench.view.explorer
2022-11-12 21:40:11.604 [info] Added views:workbench.scm in workbench.view.scm
2022-11-12 21:40:11.604 [info] Added views:workbench.view.search in workbench.view.search
2022-11-12 21:40:11.604 [info] Added views:timeline in workbench.view.explorer
2022-11-12 21:40:11.604 [info] Added views:workbench.explorer.fileView in workbench.view.explorer
2022-11-12 21:40:11.604 [info] Added views:workbench.views.extensions.installed,extensions.recommendedList in workbench.view.extensions
2022-11-12 21:40:11.604 [info] Added views:workbench.debug.welcome in workbench.view.debug
2022-11-12 21:40:13.072 [info] Added views:workbench.panel.repl.view in workbench.panel.repl
