2022-11-12 21:39:46.751 [info] Extension host with pid 17995 started
2022-11-12 21:39:46.751 [info] Skipping acquiring lock for /home/linux/.config/Code - OSS/User/workspaceStorage/f89fd499155d705531fb7d7f2405b305.
2022-11-12 21:39:46.915 [info] ExtensionService#_doActivateExtension vscode.html-language-features, startup: false, activationEvent: 'onLanguage:html'
2022-11-12 21:39:46.916 [info] ExtensionService#_doActivateExtension vscode.git-base, startup: true, activationEvent: '*', root cause: vscode.git
2022-11-12 21:39:46.916 [info] ExtensionService#_doActivateExtension yandeu.five-server, startup: true, activationEvent: '*'
2022-11-12 21:39:46.917 [info] ExtensionService#_doActivateExtension vscode.npm, startup: true, activationEvent: 'workspaceContains:package.json'
2022-11-12 21:39:47.349 [info] ExtensionService#_doActivateExtension vscode.git, startup: true, activationEvent: '*'
2022-11-12 21:39:47.349 [info] ExtensionService#_doActivateExtension vscode.github, startup: true, activationEvent: '*'
2022-11-12 21:39:47.657 [info] Eager extensions activated
2022-11-12 21:39:47.704 [info] ExtensionService#_doActivateExtension vscode.debug-auto-launch, startup: false, activationEvent: 'onStartupFinished'
2022-11-12 21:39:47.705 [info] ExtensionService#_doActivateExtension vscode.emmet, startup: false, activationEvent: 'onStartupFinished'
2022-11-12 21:39:47.705 [info] ExtensionService#_doActivateExtension vscode.merge-conflict, startup: false, activationEvent: 'onStartupFinished'
2022-11-12 21:40:09.629 [info] ExtensionService#_doActivateExtension ritwickdey.LiveServer, startup: false, activationEvent: 'onStartupFinished'
2022-11-12 21:40:10.708 [info] Extension host terminating: received terminate message from renderer
2022-11-12 21:40:10.765 [info] Extension host with pid 17995 exiting with code 0
2022-11-12 21:40:12.950 [info] Extension host with pid 18307 started
2022-11-12 21:40:12.950 [info] Skipping acquiring lock for /home/linux/.config/Code - OSS/User/workspaceStorage/f89fd499155d705531fb7d7f2405b305.
2022-11-12 21:40:13.095 [info] ExtensionService#_doActivateExtension vscode.git-base, startup: true, activationEvent: '*', root cause: vscode.git
2022-11-12 21:40:13.096 [info] ExtensionService#_doActivateExtension vscode.npm, startup: true, activationEvent: 'workspaceContains:package.json'
2022-11-12 21:40:13.142 [info] ExtensionService#_doActivateExtension vscode.git, startup: true, activationEvent: '*'
2022-11-12 21:40:13.143 [info] ExtensionService#_doActivateExtension vscode.github, startup: true, activationEvent: '*'
2022-11-12 21:40:13.314 [info] Eager extensions activated
2022-11-12 21:40:13.352 [info] ExtensionService#_doActivateExtension vscode.debug-auto-launch, startup: false, activationEvent: 'onStartupFinished'
2022-11-12 21:40:13.352 [info] ExtensionService#_doActivateExtension vscode.emmet, startup: false, activationEvent: 'onStartupFinished'
2022-11-12 21:40:13.353 [info] ExtensionService#_doActivateExtension vscode.merge-conflict, startup: false, activationEvent: 'onStartupFinished'
2022-11-12 21:40:13.354 [info] ExtensionService#_doActivateExtension ritwickdey.LiveServer, startup: false, activationEvent: 'onStartupFinished'
2022-11-12 21:43:31.395 [info] Extension host terminating: received terminate message from renderer
2022-11-12 21:43:31.405 [info] Extension host with pid 18307 exiting with code 0
