2022-11-13 08:55:57.135 [info] Validating found git in: git
2022-11-13 08:55:57.135 [info] Using git 2.38.1 from git
2022-11-13 08:55:57.135 [info] > git rev-parse --show-toplevel [7ms]
2022-11-13 08:55:57.135 [info] > git rev-parse --git-dir --git-common-dir [5ms]
2022-11-13 08:55:57.136 [info] Log level: Info
2022-11-13 08:55:57.136 [info] Open repository: /home/linux/krisha-blog
2022-11-13 08:55:57.148 [info] > git status -z -uall [78ms]
2022-11-13 08:55:57.148 [info] > git remote --verbose [86ms]
2022-11-13 08:55:57.149 [info] > git for-each-ref --sort -committerdate --format %(refname) %(objectname) %(*objectname) [95ms]
2022-11-13 08:55:57.155 [info] > git config --get commit.template [8ms]
2022-11-13 08:55:57.187 [info] > git for-each-ref --format=%(refname)%00%(upstream:short)%00%(objectname)%00%(upstream:track)%00%(upstream:remotename)%00%(upstream:remoteref) refs/heads/main refs/remotes/main [4ms]
2022-11-13 08:55:57.239 [info] > git status -z -uall [14ms]
2022-11-13 08:55:57.239 [info] > git remote --verbose [23ms]
2022-11-13 08:55:57.240 [info] > git for-each-ref --sort -committerdate --format %(refname) %(objectname) %(*objectname) [32ms]
2022-11-13 08:55:57.251 [info] > git config --get commit.template [14ms]
2022-11-13 08:55:57.254 [info] > git for-each-ref --format=%(refname)%00%(upstream:short)%00%(objectname)%00%(upstream:track)%00%(upstream:remotename)%00%(upstream:remoteref) refs/heads/main refs/remotes/main [4ms]
2022-11-13 08:55:57.595 [info] > git check-ignore -v -z --stdin [5ms]
2022-11-13 08:56:56.158 [info] > git status -z -uall [7ms]
2022-11-13 08:56:56.158 [info] > git remote --verbose [15ms]
2022-11-13 08:56:56.159 [info] > git for-each-ref --sort -committerdate --format %(refname) %(objectname) %(*objectname) [22ms]
2022-11-13 08:56:56.161 [info] > git config --get commit.template [4ms]
2022-11-13 08:56:56.170 [info] > git for-each-ref --format=%(refname)%00%(upstream:short)%00%(objectname)%00%(upstream:track)%00%(upstream:remotename)%00%(upstream:remoteref) refs/heads/main refs/remotes/main [4ms]
2022-11-13 08:57:04.612 [info] > git status -z -uall [7ms]
2022-11-13 08:57:04.613 [info] > git remote --verbose [13ms]
2022-11-13 08:57:04.613 [info] > git for-each-ref --sort -committerdate --format %(refname) %(objectname) %(*objectname) [20ms]
2022-11-13 08:57:04.614 [info] > git config --get commit.template [2ms]
2022-11-13 08:57:04.623 [info] > git for-each-ref --format=%(refname)%00%(upstream:short)%00%(objectname)%00%(upstream:track)%00%(upstream:remotename)%00%(upstream:remoteref) refs/heads/main refs/remotes/main [2ms]
2022-11-13 08:57:14.891 [info] > git status -z -uall [8ms]
2022-11-13 08:57:14.892 [info] > git remote --verbose [17ms]
2022-11-13 08:57:14.892 [info] > git for-each-ref --sort -committerdate --format %(refname) %(objectname) %(*objectname) [24ms]
2022-11-13 08:57:14.893 [info] > git config --get commit.template [2ms]
2022-11-13 08:57:14.902 [info] > git for-each-ref --format=%(refname)%00%(upstream:short)%00%(objectname)%00%(upstream:track)%00%(upstream:remotename)%00%(upstream:remoteref) refs/heads/main refs/remotes/main [2ms]
2022-11-13 08:59:38.554 [info] > git status -z -uall [8ms]
2022-11-13 08:59:38.554 [info] > git remote --verbose [13ms]
2022-11-13 08:59:38.555 [info] > git for-each-ref --sort -committerdate --format %(refname) %(objectname) %(*objectname) [20ms]
2022-11-13 08:59:38.556 [info] > git config --get commit.template [2ms]
2022-11-13 08:59:38.563 [info] > git for-each-ref --format=%(refname)%00%(upstream:short)%00%(objectname)%00%(upstream:track)%00%(upstream:remotename)%00%(upstream:remoteref) refs/heads/main refs/remotes/main [2ms]
2022-11-13 09:00:04.306 [info] > git status -z -uall [7ms]
2022-11-13 09:00:04.306 [info] > git remote --verbose [13ms]
2022-11-13 09:00:04.307 [info] > git for-each-ref --sort -committerdate --format %(refname) %(objectname) %(*objectname) [19ms]
2022-11-13 09:00:04.307 [info] > git config --get commit.template [2ms]
2022-11-13 09:00:04.315 [info] > git for-each-ref --format=%(refname)%00%(upstream:short)%00%(objectname)%00%(upstream:track)%00%(upstream:remotename)%00%(upstream:remoteref) refs/heads/main refs/remotes/main [2ms]
2022-11-13 09:00:39.273 [info] > git status -z -uall [8ms]
2022-11-13 09:00:39.274 [info] > git remote --verbose [14ms]
2022-11-13 09:00:39.274 [info] > git for-each-ref --sort -committerdate --format %(refname) %(objectname) %(*objectname) [19ms]
2022-11-13 09:00:39.275 [info] > git config --get commit.template [2ms]
2022-11-13 09:00:39.284 [info] > git for-each-ref --format=%(refname)%00%(upstream:short)%00%(objectname)%00%(upstream:track)%00%(upstream:remotename)%00%(upstream:remoteref) refs/heads/main refs/remotes/main [2ms]
2022-11-13 09:00:59.472 [info] > git status -z -uall [8ms]
2022-11-13 09:00:59.473 [info] > git remote --verbose [15ms]
2022-11-13 09:00:59.473 [info] > git for-each-ref --sort -committerdate --format %(refname) %(objectname) %(*objectname) [21ms]
2022-11-13 09:00:59.474 [info] > git config --get commit.template [2ms]
2022-11-13 09:00:59.481 [info] > git for-each-ref --format=%(refname)%00%(upstream:short)%00%(objectname)%00%(upstream:track)%00%(upstream:remotename)%00%(upstream:remoteref) refs/heads/main refs/remotes/main [2ms]
2022-11-13 09:02:09.809 [info] > git check-ignore -v -z --stdin [1ms]
2022-11-13 09:02:35.361 [info] > git status -z -uall [9ms]
2022-11-13 09:02:35.361 [info] > git remote --verbose [16ms]
2022-11-13 09:02:35.362 [info] > git for-each-ref --sort -committerdate --format %(refname) %(objectname) %(*objectname) [20ms]
2022-11-13 09:02:35.363 [info] > git config --get commit.template [3ms]
2022-11-13 09:02:35.372 [info] > git for-each-ref --format=%(refname)%00%(upstream:short)%00%(objectname)%00%(upstream:track)%00%(upstream:remotename)%00%(upstream:remoteref) refs/heads/main refs/remotes/main [3ms]
2022-11-13 09:04:45.103 [info] > git status -z -uall [6ms]
2022-11-13 09:04:45.103 [info] > git remote --verbose [11ms]
2022-11-13 09:04:45.104 [info] > git for-each-ref --sort -committerdate --format %(refname) %(objectname) %(*objectname) [18ms]
2022-11-13 09:04:45.104 [info] > git config --get commit.template [1ms]
2022-11-13 09:04:45.112 [info] > git for-each-ref --format=%(refname)%00%(upstream:short)%00%(objectname)%00%(upstream:track)%00%(upstream:remotename)%00%(upstream:remoteref) refs/heads/main refs/remotes/main [2ms]
2022-11-13 09:05:34.768 [info] > git status -z -uall [8ms]
2022-11-13 09:05:34.769 [info] > git remote --verbose [14ms]
2022-11-13 09:05:34.769 [info] > git for-each-ref --sort -committerdate --format %(refname) %(objectname) %(*objectname) [26ms]
2022-11-13 09:05:34.771 [info] > git config --get commit.template [2ms]
2022-11-13 09:05:34.780 [info] > git for-each-ref --format=%(refname)%00%(upstream:short)%00%(objectname)%00%(upstream:track)%00%(upstream:remotename)%00%(upstream:remoteref) refs/heads/main refs/remotes/main [2ms]
