2022-11-12 21:39:47.165 [info] Starting worker process with pid 18039 (type: fileWatcher, window: 1).
2022-11-12 21:40:02.392 [error] [uncaught exception in sharedProcess]: Cannot read properties of undefined (reading 'then'): TypeError: Cannot read properties of undefined (reading 'then')
    at a.onPromise (vscode-file://vscode-app/usr/lib/code/out/vs/code/electron-browser/sharedProcess/sharedProcessMain.js:23:5934)
    at a.onRawMessage (vscode-file://vscode-app/usr/lib/code/out/vs/code/electron-browser/sharedProcess/sharedProcessMain.js:23:5227)
    at vscode-file://vscode-app/usr/lib/code/out/vs/code/electron-browser/sharedProcess/sharedProcessMain.js:23:4508
    at v.invoke (vscode-file://vscode-app/usr/lib/code/out/vs/code/electron-browser/sharedProcess/sharedProcessMain.js:19:145)
    at p.deliver (vscode-file://vscode-app/usr/lib/code/out/vs/code/electron-browser/sharedProcess/sharedProcessMain.js:19:2266)
    at y.fire (vscode-file://vscode-app/usr/lib/code/out/vs/code/electron-browser/sharedProcess/sharedProcessMain.js:19:1844)
    at MessagePort.X (vscode-file://vscode-app/usr/lib/code/out/vs/code/electron-browser/sharedProcess/sharedProcessMain.js:17:24062)
2022-11-12 21:40:04.953 [info] Uninstalling extension: yandeu.five-server@0.1.9
2022-11-12 21:40:05.135 [info] Detected extension removed from another source yandeu.five-server
2022-11-12 21:40:05.806 [info] Successfully uninstalled extension: yandeu.five-server@0.1.9
2022-11-12 21:40:08.147 [error] [uncaught exception in sharedProcess]: Cannot read properties of undefined (reading 'then'): TypeError: Cannot read properties of undefined (reading 'then')
    at a.onPromise (vscode-file://vscode-app/usr/lib/code/out/vs/code/electron-browser/sharedProcess/sharedProcessMain.js:23:5934)
    at a.onRawMessage (vscode-file://vscode-app/usr/lib/code/out/vs/code/electron-browser/sharedProcess/sharedProcessMain.js:23:5227)
    at vscode-file://vscode-app/usr/lib/code/out/vs/code/electron-browser/sharedProcess/sharedProcessMain.js:23:4508
    at v.invoke (vscode-file://vscode-app/usr/lib/code/out/vs/code/electron-browser/sharedProcess/sharedProcessMain.js:19:145)
    at p.deliver (vscode-file://vscode-app/usr/lib/code/out/vs/code/electron-browser/sharedProcess/sharedProcessMain.js:19:2266)
    at y.fire (vscode-file://vscode-app/usr/lib/code/out/vs/code/electron-browser/sharedProcess/sharedProcessMain.js:19:1844)
    at MessagePort.X (vscode-file://vscode-app/usr/lib/code/out/vs/code/electron-browser/sharedProcess/sharedProcessMain.js:17:24062)
2022-11-12 21:40:10.732 [info] Worker process with pid 18039 terminated normally (type: fileWatcher, window: 1).
2022-11-12 21:40:11.947 [info] Starting worker process with pid 18306 (type: fileWatcher, window: 1).
